[
    {
        "Id": "765697b03eeb01c3bdf4ba030bce44faa0258aefdf038c20fa6dd31c815b5979",
        "Created": "2019-12-13T16:06:45.3354854Z",
        "Path": "/init",
        "Args": [],
        "State": {
            "Status": "running",
            "Running": true,
            "Paused": false,
            "Restarting": false,
            "OOMKilled": false,
            "Dead": false,
            "Pid": 22539,
            "ExitCode": 0,
            "Error": "",
            "StartedAt": "2019-12-13T16:06:46.3471908Z",
            "FinishedAt": "0001-01-01T00:00:00Z"
        },
        "Image": "sha256:a9baa7acac1b3607caea7ccb72d6dd9b799e28869db0532c9cb552b2c8a95e52",
        "ResolvConfPath": "/var/lib/docker/containers/765697b03eeb01c3bdf4ba030bce44faa0258aefdf038c20fa6dd31c815b5979/resolv.conf",
        "HostnamePath": "/var/lib/docker/containers/765697b03eeb01c3bdf4ba030bce44faa0258aefdf038c20fa6dd31c815b5979/hostname",
        "HostsPath": "/var/lib/docker/containers/765697b03eeb01c3bdf4ba030bce44faa0258aefdf038c20fa6dd31c815b5979/hosts",
        "LogPath": "/var/lib/docker/containers/765697b03eeb01c3bdf4ba030bce44faa0258aefdf038c20fa6dd31c815b5979/765697b03eeb01c3bdf4ba030bce44faa0258aefdf038c20fa6dd31c815b5979-json.log",
        "Name": "/ha",
        "RestartCount": 0,
        "Driver": "overlay2",
        "Platform": "linux",
        "MountLabel": "",
        "ProcessLabel": "",
        "AppArmorProfile": "",
        "ExecIDs": null,
        "HostConfig": {
            "Binds": [],
            "ContainerIDFile": "",
            "LogConfig": {
                "Type": "json-file",
                "Config": {}
            },
            "NetworkMode": "heig",
            "PortBindings": {
                "1936/tcp": [
                    {
                        "HostIp": "",
                        "HostPort": "1936"
                    }
                ],
                "80/tcp": [
                    {
                        "HostIp": "",
                        "HostPort": "8080"
                    }
                ],
                "9999/tcp": [
                    {
                        "HostIp": "",
                        "HostPort": "9999"
                    }
                ]
            },
            "RestartPolicy": {
                "Name": "",
                "MaximumRetryCount": 0
            },
            "AutoRemove": false,
            "VolumeDriver": "",
            "VolumesFrom": [],
            "CapAdd": null,
            "CapDrop": null,
            "Capabilities": null,
            "Dns": null,
            "DnsOptions": null,
            "DnsSearch": null,
            "ExtraHosts": null,
            "GroupAdd": null,
            "IpcMode": "shareable",
            "Cgroup": "",
            "Links": null,
            "OomScoreAdj": 0,
            "PidMode": "",
            "Privileged": false,
            "PublishAllPorts": false,
            "ReadonlyRootfs": false,
            "SecurityOpt": null,
            "UTSMode": "",
            "UsernsMode": "",
            "ShmSize": 67108864,
            "Runtime": "runc",
            "ConsoleSize": [
                0,
                0
            ],
            "Isolation": "",
            "CpuShares": 0,
            "Memory": 0,
            "NanoCpus": 0,
            "CgroupParent": "",
            "BlkioWeight": 0,
            "BlkioWeightDevice": null,
            "BlkioDeviceReadBps": null,
            "BlkioDeviceWriteBps": null,
            "BlkioDeviceReadIOps": null,
            "BlkioDeviceWriteIOps": null,
            "CpuPeriod": 0,
            "CpuQuota": 0,
            "CpuRealtimePeriod": 0,
            "CpuRealtimeRuntime": 0,
            "CpusetCpus": "",
            "CpusetMems": "",
            "Devices": null,
            "DeviceCgroupRules": null,
            "DeviceRequests": null,
            "KernelMemory": 0,
            "KernelMemoryTCP": 0,
            "MemoryReservation": 0,
            "MemorySwap": 0,
            "MemorySwappiness": null,
            "OomKillDisable": false,
            "PidsLimit": null,
            "Ulimits": null,
            "CpuCount": 0,
            "CpuPercent": 0,
            "IOMaximumIOps": 0,
            "IOMaximumBandwidth": 0,
            "MaskedPaths": [
                "/proc/asound",
                "/proc/acpi",
                "/proc/kcore",
                "/proc/keys",
                "/proc/latency_stats",
                "/proc/timer_list",
                "/proc/timer_stats",
                "/proc/sched_debug",
                "/proc/scsi",
                "/sys/firmware"
            ],
            "ReadonlyPaths": [
                "/proc/bus",
                "/proc/fs",
                "/proc/irq",
                "/proc/sys",
                "/proc/sysrq-trigger"
            ]
        },
        "GraphDriver": {
            "Data": {
                "LowerDir": "/var/lib/docker/overlay2/ad60114f3d7c833be5fdbe7036c4ec85a259de5747907804014576874528eccc-init/diff:/var/lib/docker/overlay2/45e47ad340dbebfb6a3f52893f27e258e0ba22beb0e555c5b8530e17ffd7b05c/diff:/var/lib/docker/overlay2/d50918edb119108f5e7cab352b261f4fd747dca48b5640e1eec82fc8d1827759/diff:/var/lib/docker/overlay2/2d0178ccf7c2fa1cebd1677ffa3e4c4af3eb224e2e0e7a0fc560162bbf51e0ed/diff:/var/lib/docker/overlay2/18294b8d25900c56911c29a42c3e487370da588b2bb1547ef0a1ffdcd4c487ec/diff:/var/lib/docker/overlay2/ebfc6fb2f67d26df32c5bd9d106eded96726ec1597ddbefc21251e283ab52ebe/diff:/var/lib/docker/overlay2/5146f5ddab9588c59784b874c3cff82561810da9e561162287f99355beb5eac6/diff:/var/lib/docker/overlay2/b2288a76725b2f4719ae9bb296bea275c7ab874ab91897e2a185f6c3ec6b5464/diff:/var/lib/docker/overlay2/6d46406c083897f8a279ba6ecf2ce73960658ff094c733f4f9b8547121dd4c08/diff:/var/lib/docker/overlay2/3bc3321ba94cbbd612d51760337f6780af43c79629832f11ab81871384d9899f/diff:/var/lib/docker/overlay2/b68fe222e7d1297c5c5c7d2b58ac5fe321fe70e34aea7e8b0e37a4bde6b9278c/diff:/var/lib/docker/overlay2/013c349678fe51f55ff89d15790e694f92d382d92fb6f710d2a7e582fbbc46ad/diff:/var/lib/docker/overlay2/eb4939a946b5f2d8cfdb453b31db09fb4037c5a731a9c862bf8ea0ef066743e1/diff:/var/lib/docker/overlay2/30bbdc0f0565bcb3f5846f1dddeb9db71a8fa8d6bb259b9563784739b61f5582/diff:/var/lib/docker/overlay2/5f675b149b855db314a123edc0e8a8e1635d207061a619ecde100908ed4bba87/diff:/var/lib/docker/overlay2/76dc2a912e560547d0c9d2de79c28109692c4dfcccb75b065a02c215664d2aa0/diff:/var/lib/docker/overlay2/07259a866481328dd6eae2045e84d81363b45a784729d522e3c1bb6825df29ab/diff:/var/lib/docker/overlay2/3ead4f419e8b34d34d69e305a9bd3cdb786a45a53f4893a3fa0a61f209f7605b/diff:/var/lib/docker/overlay2/663ed6804127b4e692d9073bb70d0c72b51c83eb721cc90fd59840e1d0483052/diff:/var/lib/docker/overlay2/88796c1129b0ff001ab37318a9bbc0c9696033f27cea386832de914216380800/diff",
                "MergedDir": "/var/lib/docker/overlay2/ad60114f3d7c833be5fdbe7036c4ec85a259de5747907804014576874528eccc/merged",
                "UpperDir": "/var/lib/docker/overlay2/ad60114f3d7c833be5fdbe7036c4ec85a259de5747907804014576874528eccc/diff",
                "WorkDir": "/var/lib/docker/overlay2/ad60114f3d7c833be5fdbe7036c4ec85a259de5747907804014576874528eccc/work"
            },
            "Name": "overlay2"
        },
        "Mounts": [],
        "Config": {
            "Hostname": "765697b03eeb",
            "Domainname": "",
            "User": "",
            "AttachStdin": false,
            "AttachStdout": false,
            "AttachStderr": false,
            "ExposedPorts": {
                "1936/tcp": {},
                "7373/tcp": {},
                "7946/tcp": {},
                "80/tcp": {},
                "9999/tcp": {}
            },
            "Tty": false,
            "OpenStdin": false,
            "StdinOnce": false,
            "Env": [
                "WEBAPP_1_IP=192.168.42.11",
                "WEBAPP_2_IP=192.168.42.22",
                "PATH=/usr/local/sbin:/usr/local/bin:/usr/sbin:/usr/bin:/sbin:/bin",
                "HAPROXY_VERSION=1.5.19",
                "HAPROXY_URL=https://www.haproxy.org/download/1.5/src/haproxy-1.5.19.tar.gz",
                "HAPROXY_SHA256=e00ae2a633da614967f2e3ebebdb817ec537cba8383b833fc8d9a506876e0d5e",
                "ROLE=balancer"
            ],
            "Cmd": null,
            "Image": "teaching-heigvd-ait-2019-labo-docker_haproxy",
            "Volumes": null,
            "WorkingDir": "",
            "Entrypoint": [
                "/init"
            ],
            "OnBuild": null,
            "Labels": {
                "com.docker.compose.config-hash": "3c523cc751bca3207c548fe9a2b6b0f405d39e6dd74fd1a287e51222a026537f",
                "com.docker.compose.container-number": "1",
                "com.docker.compose.oneoff": "False",
                "com.docker.compose.project": "teaching-heigvd-ait-2019-labo-docker",
                "com.docker.compose.service": "haproxy",
                "com.docker.compose.version": "1.24.1"
            },
            "StopSignal": "SIGUSR1"
        },
        "NetworkSettings": {
            "Bridge": "",
            "SandboxID": "6e58ad3f7c3f3346912f73cbd0d4754777a8934653fb74a06d6b0fd5e22adca4",
            "HairpinMode": false,
            "LinkLocalIPv6Address": "",
            "LinkLocalIPv6PrefixLen": 0,
            "Ports": {
                "1936/tcp": [
                    {
                        "HostIp": "0.0.0.0",
                        "HostPort": "1936"
                    }
                ],
                "7373/tcp": null,
                "7946/tcp": null,
                "80/tcp": [
                    {
                        "HostIp": "0.0.0.0",
                        "HostPort": "8080"
                    }
                ],
                "9999/tcp": [
                    {
                        "HostIp": "0.0.0.0",
                        "HostPort": "9999"
                    }
                ]
            },
            "SandboxKey": "/var/run/docker/netns/6e58ad3f7c3f",
            "SecondaryIPAddresses": null,
            "SecondaryIPv6Addresses": null,
            "EndpointID": "",
            "Gateway": "",
            "GlobalIPv6Address": "",
            "GlobalIPv6PrefixLen": 0,
            "IPAddress": "",
            "IPPrefixLen": 0,
            "IPv6Gateway": "",
            "MacAddress": "",
            "Networks": {
                "heig": {
                    "IPAMConfig": {
                        "IPv4Address": "192.168.42.42"
                    },
                    "Links": null,
                    "Aliases": [
                        "765697b03eeb",
                        "haproxy"
                    ],
                    "NetworkID": "a7768cd4bc9e55a358fa90f146f74bd5371b5e9e0d7318895537cca5b8efbe77",
                    "EndpointID": "827560a06ba8357fbb92f4fc91454816a2113ec14ecf28325e035a75091b3940",
                    "Gateway": "192.168.42.1",
                    "IPAddress": "192.168.42.42",
                    "IPPrefixLen": 24,
                    "IPv6Gateway": "",
                    "GlobalIPv6Address": "",
                    "GlobalIPv6PrefixLen": 0,
                    "MacAddress": "02:42:c0:a8:2a:2a",
                    "DriverOpts": null
                }
            }
        }
    }
]
