[
    {
        "Id": "5416cdb263779b989b818670ca238cb34b2436db798487fad23b01d44f1fdbde",
        "Created": "2019-12-14T13:07:08.9989078Z",
        "Path": "/init",
        "Args": [],
        "State": {
            "Status": "running",
            "Running": true,
            "Paused": false,
            "Restarting": false,
            "OOMKilled": false,
            "Dead": false,
            "Pid": 33157,
            "ExitCode": 0,
            "Error": "",
            "StartedAt": "2019-12-14T13:07:09.9014561Z",
            "FinishedAt": "0001-01-01T00:00:00Z"
        },
        "Image": "sha256:f48f04d20357a231dcc18af4b5a83101799806774ad8c1980d5c3e131ed0787b",
        "ResolvConfPath": "/var/lib/docker/containers/5416cdb263779b989b818670ca238cb34b2436db798487fad23b01d44f1fdbde/resolv.conf",
        "HostnamePath": "/var/lib/docker/containers/5416cdb263779b989b818670ca238cb34b2436db798487fad23b01d44f1fdbde/hostname",
        "HostsPath": "/var/lib/docker/containers/5416cdb263779b989b818670ca238cb34b2436db798487fad23b01d44f1fdbde/hosts",
        "LogPath": "/var/lib/docker/containers/5416cdb263779b989b818670ca238cb34b2436db798487fad23b01d44f1fdbde/5416cdb263779b989b818670ca238cb34b2436db798487fad23b01d44f1fdbde-json.log",
        "Name": "/s1",
        "RestartCount": 0,
        "Driver": "overlay2",
        "Platform": "linux",
        "MountLabel": "",
        "ProcessLabel": "",
        "AppArmorProfile": "",
        "ExecIDs": null,
        "HostConfig": {
            "Binds": [],
            "ContainerIDFile": "",
            "LogConfig": {
                "Type": "json-file",
                "Config": {}
            },
            "NetworkMode": "heig",
            "PortBindings": {
                "3000/tcp": [
                    {
                        "HostIp": "",
                        "HostPort": "4000"
                    }
                ]
            },
            "RestartPolicy": {
                "Name": "",
                "MaximumRetryCount": 0
            },
            "AutoRemove": false,
            "VolumeDriver": "",
            "VolumesFrom": [],
            "CapAdd": null,
            "CapDrop": null,
            "Capabilities": null,
            "Dns": null,
            "DnsOptions": null,
            "DnsSearch": null,
            "ExtraHosts": null,
            "GroupAdd": null,
            "IpcMode": "shareable",
            "Cgroup": "",
            "Links": null,
            "OomScoreAdj": 0,
            "PidMode": "",
            "Privileged": false,
            "PublishAllPorts": false,
            "ReadonlyRootfs": false,
            "SecurityOpt": null,
            "UTSMode": "",
            "UsernsMode": "",
            "ShmSize": 67108864,
            "Runtime": "runc",
            "ConsoleSize": [
                0,
                0
            ],
            "Isolation": "",
            "CpuShares": 0,
            "Memory": 0,
            "NanoCpus": 0,
            "CgroupParent": "",
            "BlkioWeight": 0,
            "BlkioWeightDevice": null,
            "BlkioDeviceReadBps": null,
            "BlkioDeviceWriteBps": null,
            "BlkioDeviceReadIOps": null,
            "BlkioDeviceWriteIOps": null,
            "CpuPeriod": 0,
            "CpuQuota": 0,
            "CpuRealtimePeriod": 0,
            "CpuRealtimeRuntime": 0,
            "CpusetCpus": "",
            "CpusetMems": "",
            "Devices": null,
            "DeviceCgroupRules": null,
            "DeviceRequests": null,
            "KernelMemory": 0,
            "KernelMemoryTCP": 0,
            "MemoryReservation": 0,
            "MemorySwap": 0,
            "MemorySwappiness": null,
            "OomKillDisable": false,
            "PidsLimit": null,
            "Ulimits": null,
            "CpuCount": 0,
            "CpuPercent": 0,
            "IOMaximumIOps": 0,
            "IOMaximumBandwidth": 0,
            "MaskedPaths": [
                "/proc/asound",
                "/proc/acpi",
                "/proc/kcore",
                "/proc/keys",
                "/proc/latency_stats",
                "/proc/timer_list",
                "/proc/timer_stats",
                "/proc/sched_debug",
                "/proc/scsi",
                "/sys/firmware"
            ],
            "ReadonlyPaths": [
                "/proc/bus",
                "/proc/fs",
                "/proc/irq",
                "/proc/sys",
                "/proc/sysrq-trigger"
            ]
        },
        "GraphDriver": {
            "Data": {
                "LowerDir": "/var/lib/docker/overlay2/a8c13463138193b6b52b46541a4d8efeb188c7f8314a1345b3f447c9c1d7e7e8-init/diff:/var/lib/docker/overlay2/70357abc395850b2166fec2597b3465887b6ef811a74b6d849af4699e43b4c0b/diff:/var/lib/docker/overlay2/3e1ca1a5ea4bdcdc30cb435e235e4a37d9e8aa50c4f0f3ca25ca47a3b2de8c3d/diff:/var/lib/docker/overlay2/142246c443f97cad50fb1aec40a2c3a23ad9ece3b3f6fa0468082cc21b494f11/diff:/var/lib/docker/overlay2/b03c857d186ea25dba1849f96c80fcbd24b52b8c2ca370e187f73901043c52e0/diff:/var/lib/docker/overlay2/a75a0d9d630ebe53013021615e51ec48ed83de3a9be9a658f051063e0e10ebe5/diff:/var/lib/docker/overlay2/ad6a1fdc3b7e9b33b779a3bf9efb0e506e5a399a0eacafbdac50e8e1d7a77a74/diff:/var/lib/docker/overlay2/05b54393d8fb2e44c146cef716367f576e1846a355f71886b037841e87217fa5/diff:/var/lib/docker/overlay2/87e2322102a10471d4f69b513fb33ce5f3bbb76db0337525334d129de423dbc2/diff:/var/lib/docker/overlay2/d4a62acd1df19502303db09447399f7ef13f1822f52150ec95589c6c85bdb646/diff:/var/lib/docker/overlay2/bb565009ab538677967fe72d6abedeb4519c51e38029bf69c189a54ec532a5f8/diff:/var/lib/docker/overlay2/8ad735435f4e40f8457ec854cfea218d6cdba58a8acc0ec6106b9952a72b4b00/diff:/var/lib/docker/overlay2/02f04aef09e51e49879154f7dac95c47baa80a430d21e9c1a7a105b245d90bf7/diff:/var/lib/docker/overlay2/8942c924f1ab7afa859b7fce777fc4f5d68d70dd4c19c988fbf8bb3937316429/diff:/var/lib/docker/overlay2/6efa08ba691ef153433d0215ee86658c77dc3d34da2aa678558667155dd5bc9e/diff:/var/lib/docker/overlay2/be26cb2f1a7ccb1a95948a1c3da3ff06b9730758f0c8dceca47ac33725dbbb78/diff:/var/lib/docker/overlay2/5fa163e3d9e58c76b3dd621217bf94a9ce6e3d9050eea4ad56dd64ad540a77e4/diff:/var/lib/docker/overlay2/3e27d48e40e14ee848ba15c15d0ddf6b33249fada0b4a0a1a5c780da8e7495cc/diff:/var/lib/docker/overlay2/f09922401440b924d9119a878586926f2096f6ed9385f234aca90848e9242450/diff:/var/lib/docker/overlay2/095792e6c3a77adcfeb68a551dc361fa552080f7d46e0f5055358645e821eb6c/diff",
                "MergedDir": "/var/lib/docker/overlay2/a8c13463138193b6b52b46541a4d8efeb188c7f8314a1345b3f447c9c1d7e7e8/merged",
                "UpperDir": "/var/lib/docker/overlay2/a8c13463138193b6b52b46541a4d8efeb188c7f8314a1345b3f447c9c1d7e7e8/diff",
                "WorkDir": "/var/lib/docker/overlay2/a8c13463138193b6b52b46541a4d8efeb188c7f8314a1345b3f447c9c1d7e7e8/work"
            },
            "Name": "overlay2"
        },
        "Mounts": [],
        "Config": {
            "Hostname": "5416cdb26377",
            "Domainname": "",
            "User": "",
            "AttachStdin": false,
            "AttachStdout": false,
            "AttachStderr": false,
            "ExposedPorts": {
                "3000/tcp": {},
                "7373/tcp": {},
                "7946/tcp": {}
            },
            "Tty": false,
            "OpenStdin": false,
            "StdinOnce": false,
            "Env": [
                "TAG=s1",
                "SERVER_IP=192.168.42.11",
                "PATH=/usr/local/sbin:/usr/local/bin:/usr/sbin:/usr/bin:/sbin:/bin",
                "NODE_VERSION=13.3.0",
                "YARN_VERSION=1.19.2",
                "ROLE=backend"
            ],
            "Cmd": null,
            "Image": "teaching-heigvd-ait-2019-labo-docker_webapp1",
            "Volumes": null,
            "WorkingDir": "",
            "Entrypoint": [
                "/init"
            ],
            "OnBuild": null,
            "Labels": {
                "com.docker.compose.config-hash": "865ebb5b347b66093b754d34d559cbf97efd33cae332ff5c277d84e36ef2cdbb",
                "com.docker.compose.container-number": "1",
                "com.docker.compose.oneoff": "False",
                "com.docker.compose.project": "teaching-heigvd-ait-2019-labo-docker",
                "com.docker.compose.service": "webapp1",
                "com.docker.compose.version": "1.24.1"
            }
        },
        "NetworkSettings": {
            "Bridge": "",
            "SandboxID": "42d801b5940a0c785638b8de3125cc06f0bb2060a82e4141c8c0a7137c5c553f",
            "HairpinMode": false,
            "LinkLocalIPv6Address": "",
            "LinkLocalIPv6PrefixLen": 0,
            "Ports": {
                "3000/tcp": [
                    {
                        "HostIp": "0.0.0.0",
                        "HostPort": "4000"
                    }
                ],
                "7373/tcp": null,
                "7946/tcp": null
            },
            "SandboxKey": "/var/run/docker/netns/42d801b5940a",
            "SecondaryIPAddresses": null,
            "SecondaryIPv6Addresses": null,
            "EndpointID": "",
            "Gateway": "",
            "GlobalIPv6Address": "",
            "GlobalIPv6PrefixLen": 0,
            "IPAddress": "",
            "IPPrefixLen": 0,
            "IPv6Gateway": "",
            "MacAddress": "",
            "Networks": {
                "heig": {
                    "IPAMConfig": {
                        "IPv4Address": "192.168.42.11"
                    },
                    "Links": null,
                    "Aliases": [
                        "webapp1",
                        "5416cdb26377"
                    ],
                    "NetworkID": "b508edaf5165e0258714b7c4a8dd63e363469359df13a46f5c8dc8be66fb19e1",
                    "EndpointID": "1a1dc5e7e05cc12c66ac9b92bf27d00ce8db0b9efdbb1d250e760fcc7960f5ab",
                    "Gateway": "192.168.42.1",
                    "IPAddress": "192.168.42.11",
                    "IPPrefixLen": 24,
                    "IPv6Gateway": "",
                    "GlobalIPv6Address": "",
                    "GlobalIPv6PrefixLen": 0,
                    "MacAddress": "02:42:c0:a8:2a:0b",
                    "DriverOpts": null
                }
            }
        }
    }
]
